{
  "RSpec": {
    "coverage": {
      "/Users/thomas/Demos/rails_demo/app/helpers/application_helper.rb": [
        1,
        null
      ],
      "/Users/thomas/Demos/rails_demo/app/channels/application_cable/channel.rb": [
        0,
        0,
        0,
        0
      ],
      "/Users/thomas/Demos/rails_demo/app/channels/application_cable/connection.rb": [
        0,
        0,
        0,
        0
      ],
      "/Users/thomas/Demos/rails_demo/app/controllers/application_controller.rb": [
        0,
        0,
        0,
        null,
        null,
        0,
        0,
        null,
        0,
        null,
        0,
        null,
        0,
        0,
        0,
        0,
        0,
        0,
        0,
        null,
        0,
        null,
        0,
        0,
        0,
        null,
        null,
        0,
        0,
        0,
        0,
        0,
        0,
        0,
        0,
        0
      ],
      "/Users/thomas/Demos/rails_demo/app/controllers/articles_controller.rb": [
        0,
        0,
        null,
        0,
        0,
        0,
        null,
        0,
        0,
        null,
        null,
        0,
        null,
        0,
        0,
        0,
        0,
        null,
        0
      ],
      "/Users/thomas/Demos/rails_demo/app/controllers/comments_controller.rb": [
        0,
        0,
        0,
        0,
        0,
        0,
        0,
        0,
        0,
        0,
        0,
        0,
        0,
        0,
        0,
        null,
        0,
        0,
        0,
        0
      ],
      "/Users/thomas/Demos/rails_demo/app/controllers/omniauth_callbacks_controller.rb": [
        0,
        null,
        null,
        0,
        0,
        null,
        0,
        0,
        0,
        0,
        0,
        0,
        0,
        0,
        null,
        0,
        0,
        0,
        0
      ],
      "/Users/thomas/Demos/rails_demo/app/controllers/subscriptions_controller.rb": [
        0,
        0,
        0,
        null,
        0,
        null,
        0,
        0,
        0,
        0,
        0,
        null,
        0,
        0,
        0,
        0,
        0,
        0,
        0,
        0,
        0,
        0,
        0,
        0,
        0,
        0,
        null,
        null,
        null,
        0,
        0,
        0,
        0,
        null,
        0,
        0,
        0,
        null,
        0,
        0,
        0,
        0
      ],
      "/Users/thomas/Demos/rails_demo/app/jobs/application_job.rb": [
        0,
        0
      ],
      "/Users/thomas/Demos/rails_demo/app/mailers/application_mailer.rb": [
        0,
        0,
        0,
        0
      ],
      "/Users/thomas/Demos/rails_demo/app/models/application_record.rb": [
        0,
        0,
        0
      ],
      "/Users/thomas/Demos/rails_demo/app/models/article.rb": [
        0,
        0,
        null,
        0,
        0,
        null,
        0,
        null,
        0
      ],
      "/Users/thomas/Demos/rails_demo/app/models/comment.rb": [
        0,
        0,
        null,
        0,
        0,
        0,
        0,
        null,
        0,
        0,
        0,
        0,
        null,
        0,
        0,
        0,
        0,
        0
      ],
      "/Users/thomas/Demos/rails_demo/app/models/news_agency.rb": [
        0,
        0,
        0,
        null,
        null,
        0,
        0,
        0,
        0,
        0,
        0
      ],
      "/Users/thomas/Demos/rails_demo/app/models/user.rb": [
        0,
        null,
        null,
        0,
        0,
        0,
        null,
        0,
        null,
        null,
        0,
        0,
        0,
        0,
        0,
        0,
        0,
        null,
        0,
        0,
        0,
        0,
        0,
        0,
        0,
        0,
        0
      ],
      "/Users/thomas/Demos/rails_demo/app/policies/application_policy.rb": [
        0,
        0,
        null,
        0,
        0,
        0,
        0,
        0,
        null,
        0,
        0,
        0,
        null,
        0,
        0,
        0,
        null,
        0,
        0,
        0,
        null,
        0,
        0,
        0,
        null,
        0,
        0,
        0,
        null,
        0,
        0,
        0,
        null,
        0,
        0,
        0,
        null,
        0,
        0,
        0,
        null,
        0,
        0,
        null,
        0,
        0,
        0,
        0,
        null,
        0,
        0,
        0,
        0,
        0
      ],
      "/Users/thomas/Demos/rails_demo/app/policies/article_policy.rb": [
        0,
        null,
        0,
        0,
        0,
        0
      ]
    },
    "timestamp": 1512822451
  },
  "Cucumber Features": {
    "coverage": {
      "/Users/thomas/Demos/rails_demo/app/models/user.rb": [
        1,
        null,
        null,
        1,
        null,
        null,
        null,
        1,
        null,
        null,
        1,
        0,
        0,
        0,
        null,
        null,
        null,
        null,
        1,
        0,
        0,
        0,
        0,
        0,
        null,
        null,
        null,
        1,
        2,
        2,
        2,
        0,
        0,
        0,
        0,
        null,
        null,
        null
      ],
      "/Users/thomas/Demos/rails_demo/app/models/application_record.rb": [
        1,
        1,
        null
      ],
      "/Users/thomas/Demos/rails_demo/app/models/news_agency.rb": [
        1,
        1,
        1,
        null,
        null,
        1,
        2,
        null,
        null,
        null,
        null
      ],
      "/Users/thomas/Demos/rails_demo/app/models/article.rb": [
        1,
        1,
        null,
        1,
        1,
        null,
        1,
        null,
        null
      ],
      "/Users/thomas/Demos/rails_demo/app/models/comment.rb": [
        1,
        1,
        null,
        1,
        1,
        null,
        null,
        null,
        1,
        1,
        1,
        null,
        null,
        1,
        1,
        null,
        null,
        null
      ],
      "/Users/thomas/Demos/rails_demo/app/controllers/articles_controller.rb": [
        1,
        1,
        null,
        1,
        2,
        null,
        null,
        1,
        null,
        null,
        null,
        1,
        null,
        1,
        2,
        2,
        null,
        null,
        null
      ],
      "/Users/thomas/Demos/rails_demo/app/controllers/application_controller.rb": [
        1,
        1,
        1,
        null,
        null,
        1,
        1,
        null,
        1,
        null,
        1,
        null,
        1,
        0,
        0,
        null,
        0,
        null,
        0,
        null,
        null,
        null,
        1,
        4,
        null,
        null,
        null,
        1,
        0,
        0,
        0,
        0,
        0,
        null,
        null,
        null
      ],
      "/Users/thomas/Demos/rails_demo/app/helpers/application_helper.rb": [
        1,
        null
      ],
      "/Users/thomas/Demos/rails_demo/app/policies/article_policy.rb": [
        1,
        null,
        1,
        2,
        null,
        null
      ],
      "/Users/thomas/Demos/rails_demo/app/policies/application_policy.rb": [
        1,
        1,
        null,
        1,
        4,
        4,
        4,
        null,
        null,
        1,
        0,
        null,
        null,
        1,
        0,
        null,
        null,
        1,
        0,
        null,
        null,
        1,
        0,
        null,
        null,
        1,
        0,
        null,
        null,
        1,
        0,
        null,
        null,
        1,
        0,
        null,
        null,
        1,
        0,
        null,
        null,
        1,
        1,
        null,
        1,
        0,
        0,
        null,
        null,
        1,
        0,
        null,
        null,
        null
      ],
      "/Users/thomas/Demos/rails_demo/app/policies/comment_policy.rb": [
        1,
        null,
        1,
        2,
        null,
        null
      ],
      "/Users/thomas/Demos/rails_demo/app/channels/application_cable/channel.rb": [
        0,
        0,
        0,
        0
      ],
      "/Users/thomas/Demos/rails_demo/app/channels/application_cable/connection.rb": [
        0,
        0,
        0,
        0
      ],
      "/Users/thomas/Demos/rails_demo/app/controllers/comments_controller.rb": [
        0,
        0,
        0,
        0,
        0,
        0,
        0,
        0,
        0,
        0,
        0,
        0,
        0,
        0,
        0,
        null,
        0,
        0,
        0,
        0
      ],
      "/Users/thomas/Demos/rails_demo/app/controllers/omniauth_callbacks_controller.rb": [
        0,
        null,
        null,
        0,
        0,
        null,
        0,
        0,
        0,
        0,
        0,
        0,
        0,
        0,
        null,
        0,
        0,
        0,
        0
      ],
      "/Users/thomas/Demos/rails_demo/app/controllers/subscriptions_controller.rb": [
        0,
        0,
        0,
        null,
        0,
        null,
        0,
        0,
        0,
        0,
        0,
        null,
        0,
        0,
        0,
        0,
        0,
        0,
        0,
        0,
        0,
        0,
        0,
        0,
        0,
        0,
        null,
        null,
        null,
        0,
        0,
        0,
        0,
        null,
        0,
        0,
        0,
        null,
        0,
        0,
        0,
        0
      ],
      "/Users/thomas/Demos/rails_demo/app/jobs/application_job.rb": [
        0,
        0
      ],
      "/Users/thomas/Demos/rails_demo/app/mailers/application_mailer.rb": [
        0,
        0,
        0,
        0
      ]
    },
    "timestamp": 1512823523
  }
}
